[debug] [2022-08-16T11:55:15.159Z] ----------------------------------------------------------------------
[debug] [2022-08-16T11:55:15.161Z] Command:       C:\Program Files\nodejs\node.exe C:\Users\joe\AppData\Roaming\npm\node_modules\firebase-tools\lib\bin\firebase.js init
[debug] [2022-08-16T11:55:15.161Z] CLI Version:   11.7.0
[debug] [2022-08-16T11:55:15.161Z] Platform:      win32
[debug] [2022-08-16T11:55:15.161Z] Node Version:  v16.9.1
[debug] [2022-08-16T11:55:15.162Z] Time:          Tue Aug 16 2022 12:55:15 GMT+0100 (British Summer Time)
[debug] [2022-08-16T11:55:15.162Z] ----------------------------------------------------------------------
[debug] 
[debug] [2022-08-16T11:55:15.218Z] > command requires scopes: ["email","openid","https://www.googleapis.com/auth/cloudplatformprojects.readonly","https://www.googleapis.com/auth/firebase","https://www.googleapis.com/auth/cloud-platform"]
[debug] [2022-08-16T11:55:15.219Z] > authorizing via signed-in user (joseph.watson715@gmail.com)
[info] 
     ######## #### ########  ######## ########     ###     ######  ########
     ##        ##  ##     ## ##       ##     ##  ##   ##  ##       ##
     ######    ##  ########  ######   ########  #########  ######  ######
     ##        ##  ##    ##  ##       ##     ## ##     ##       ## ##
     ##       #### ##     ## ######## ########  ##     ##  ######  ########

You're about to initialize a Firebase project in this directory:

  C:\Users\joe

Before we get started, keep in mind:

  * You are initializing within an existing Firebase project directory

[debug] [2022-08-16T12:05:11.219Z] ----------------------------------------------------------------------
[debug] [2022-08-16T12:05:11.222Z] Command:       C:\Program Files\nodejs\node.exe C:\Users\joe\AppData\Roaming\npm\node_modules\firebase-tools\lib\bin\firebase.js init
[debug] [2022-08-16T12:05:11.223Z] CLI Version:   11.7.0
[debug] [2022-08-16T12:05:11.223Z] Platform:      win32
[debug] [2022-08-16T12:05:11.223Z] Node Version:  v16.9.1
[debug] [2022-08-16T12:05:11.224Z] Time:          Tue Aug 16 2022 13:05:11 GMT+0100 (British Summer Time)
[debug] [2022-08-16T12:05:11.224Z] ----------------------------------------------------------------------
[debug] 
[debug] [2022-08-16T12:05:11.296Z] > command requires scopes: ["email","openid","https://www.googleapis.com/auth/cloudplatformprojects.readonly","https://www.googleapis.com/auth/firebase","https://www.googleapis.com/auth/cloud-platform"]
[debug] [2022-08-16T12:05:11.296Z] > authorizing via signed-in user (joseph.watson715@gmail.com)
[info] 
     ######## #### ########  ######## ########     ###     ######  ########
     ##        ##  ##     ## ##       ##     ##  ##   ##  ##       ##
     ######    ##  ########  ######   ########  #########  ######  ######
     ##        ##  ##    ##  ##       ##     ## ##     ##       ## ##
     ##       #### ##     ## ######## ########  ##     ##  ######  ########

You're about to initialize a Firebase project in this directory:

  C:\Users\joe

Before we get started, keep in mind:

  * You are initializing within an existing Firebase project directory

[info] 
=== Project Setup
[info] 
[info] First, let's associate this project directory with a Firebase project.
[info] You can create multiple project aliases by running firebase use --add, 
[info] but for now we'll just set up a default project.
[info] 
[debug] [2022-08-16T12:07:12.358Z] Using project from CLI flag: joesjourneypace
[debug] [2022-08-16T12:07:12.359Z] > refreshing access token with scopes: []
[debug] [2022-08-16T12:07:12.361Z] >>> [apiv2][query] POST https://www.googleapis.com/oauth2/v3/token [none]
[debug] [2022-08-16T12:07:12.361Z] >>> [apiv2][body] POST https://www.googleapis.com/oauth2/v3/token [omitted]
[debug] [2022-08-16T12:07:12.536Z] <<< [apiv2][status] POST https://www.googleapis.com/oauth2/v3/token 400
[debug] [2022-08-16T12:07:12.536Z] <<< [apiv2][body] POST https://www.googleapis.com/oauth2/v3/token [omitted]
[debug] [2022-08-16T12:07:12.536Z] >>> [apiv2][query] GET https://firebase.googleapis.com/v1beta1/projects/joesjourneypace [none]
[debug] [2022-08-16T12:07:12.684Z] <<< [apiv2][status] GET https://firebase.googleapis.com/v1beta1/projects/joesjourneypace 401
[debug] [2022-08-16T12:07:12.684Z] <<< [apiv2][body] GET https://firebase.googleapis.com/v1beta1/projects/joesjourneypace {"error":{"code":401,"message":"Request had invalid authentication credentials. Expected OAuth 2 access token, login cookie or other valid authentication credential. See https://developers.google.com/identity/sign-in/web/devconsole-project.","status":"UNAUTHENTICATED"}}
[debug] [2022-08-16T12:07:12.684Z] HTTP Error: 401, Request had invalid authentication credentials. Expected OAuth 2 access token, login cookie or other valid authentication credential. See https://developers.google.com/identity/sign-in/web/devconsole-project.
[debug] [2022-08-16T12:07:12.685Z] FirebaseError: HTTP Error: 401, Request had invalid authentication credentials. Expected OAuth 2 access token, login cookie or other valid authentication credential. See https://developers.google.com/identity/sign-in/web/devconsole-project.
    at responseToError (C:\Users\joe\AppData\Roaming\npm\node_modules\firebase-tools\lib\responseToError.js:49:12)
    at RetryOperation._fn (C:\Users\joe\AppData\Roaming\npm\node_modules\firebase-tools\lib\apiv2.js:288:77)
    at processTicksAndRejections (node:internal/process/task_queues:96:5)
[error] 
[error] Error: Failed to get Firebase project joesjourneypace. Please make sure the project exists and your account has permission to access it.
[debug] [2022-08-16T12:08:33.561Z] ----------------------------------------------------------------------
[debug] [2022-08-16T12:08:33.563Z] Command:       C:\Program Files\nodejs\node.exe C:\Users\joe\AppData\Roaming\npm\node_modules\firebase-tools\lib\bin\firebase.js init
[debug] [2022-08-16T12:08:33.563Z] CLI Version:   11.7.0
[debug] [2022-08-16T12:08:33.564Z] Platform:      win32
[debug] [2022-08-16T12:08:33.564Z] Node Version:  v16.9.1
[debug] [2022-08-16T12:08:33.564Z] Time:          Tue Aug 16 2022 13:08:33 GMT+0100 (British Summer Time)
[debug] [2022-08-16T12:08:33.564Z] ----------------------------------------------------------------------
[debug] 
[debug] [2022-08-16T12:08:33.622Z] > command requires scopes: ["email","openid","https://www.googleapis.com/auth/cloudplatformprojects.readonly","https://www.googleapis.com/auth/firebase","https://www.googleapis.com/auth/cloud-platform"]
[debug] [2022-08-16T12:08:33.622Z] > authorizing via signed-in user (joseph.watson715@gmail.com)
[info] 
     ######## #### ########  ######## ########     ###     ######  ########
     ##        ##  ##     ## ##       ##     ##  ##   ##  ##       ##
     ######    ##  ########  ######   ########  #########  ######  ######
     ##        ##  ##    ##  ##       ##     ## ##     ##       ## ##
     ##       #### ##     ## ######## ########  ##     ##  ######  ########

You're about to initialize a Firebase project in this directory:

  C:\Users\joe

Before we get started, keep in mind:

  * You are initializing within an existing Firebase project directory

